[kbplacer_plugin_action.py:63]: Plugin version: 0.10
[kbplacer_plugin_action.py:64]: Python version: '3.9.13 (v3.9.13:6de2ca5339, May 17 2022, 11:37:23) \n[Clang 13.0.0 (clang-1300.0.29.30)]'
[kbplacer_plugin_action.py:65]: KiCad version: 8.0.4 with 4.2.2a1 osx-cocoa (phoenix) wxWidgets 3.2.5
[kbplacer_dialog.py:584]: Language: en
[kbplacer_plugin_action.py:76]: GUI state: {"layout_path": "/Users/chinh4thepro/Downloads/keyboard-layout.json", "key_distance": [19.05, 19.05], "key_info": {"annotation_format": "SW{}", "position_option": "Default", "position": {"x": 0.0, "y": 0.0, "orientation": 0.0, "side": "Front"}, "template_path": ""}, "enable_diode_placement": true, "route_switches_with_diodes": true, "diode_info": {"annotation_format": "D{}", "position_option": "Default", "position": {"x": 5.08, "y": 3.03, "orientation": 90.0, "side": "Back"}, "template_path": ""}, "additional_elements": [{"annotation_format": "ST{}", "position_option": "Custom", "position": {"x": 0.0, "y": 0.0, "orientation": 0.0, "side": "Front"}, "template_path": ""}], "route_rows_and_columns": true, "template_path": "", "generate_outline": false, "outline_delta": 0.0}
[key_placer.py:299]: Set key 1U distance: 19050000/19050000
[key_placer.py:112]: Switches by nets: defaultdict(<class 'list'>, {frozenset({'GPIO 24', 'GND'}): ['SW5'], frozenset({'GPIO 23', 'GND'}): ['SW4'], frozenset({'GPIO 22', 'GND'}): ['SW3'], frozenset({'GPIO 27', 'GND'}): ['SW2'], frozenset({'GND', 'GPIO 17'}): ['SW1']})
[key_placer.py:116]: Diodes by switch: {}
[kle_serial.py:749]: User layout: [[{'a': 7}, '', '', '', '', '']]
[key_placer.py:595]: Layout offset: (28575000, 28575000)
[board_modifier.py:83]: Setting SW1 footprint position: (38100000, 38100000)
[board_modifier.py:83]: Setting SW2 footprint position: (57150000, 38100000)
[board_modifier.py:83]: Setting SW3 footprint position: (76200000, 38100000)
[board_modifier.py:83]: Setting SW4 footprint position: (95250000, 38100000)
[board_modifier.py:83]: Setting SW5 footprint position: (114300000, 38100000)
[key_placer.py:907]: Diode info: [ElementInfo(annotation_format='D{}', position_option=<PositionOption.DEFAULT: 'Default'>, position=ElementPosition(x=5.08, y=3.03, orientation=90.0, side=<Side.BACK: 'Back'>), template_path='')]
[board_modifier.py:96]: Getting SW1 footprint position: (38100000, 38100000)
[board_modifier.py:96]: Getting SW2 footprint position: (57150000, 38100000)
[board_modifier.py:96]: Getting SW3 footprint position: (76200000, 38100000)
[board_modifier.py:96]: Getting SW4 footprint position: (95250000, 38100000)
[board_modifier.py:96]: Getting SW5 footprint position: (114300000, 38100000)
[board_modifier.py:96]: Getting SW5 footprint position: (114300000, 38100000)
[board_modifier.py:63]: Searching for ST5 footprint in /Users/chinh4thepro/Developer/media-thingy/media-thingy.kicad_pcb
[board_modifier.py:66]: Footprint not found
[board_modifier.py:96]: Getting SW4 footprint position: (95250000, 38100000)
[board_modifier.py:63]: Searching for ST4 footprint in /Users/chinh4thepro/Developer/media-thingy/media-thingy.kicad_pcb
[board_modifier.py:66]: Footprint not found
[board_modifier.py:96]: Getting SW3 footprint position: (76200000, 38100000)
[board_modifier.py:63]: Searching for ST3 footprint in /Users/chinh4thepro/Developer/media-thingy/media-thingy.kicad_pcb
[board_modifier.py:66]: Footprint not found
[board_modifier.py:96]: Getting SW2 footprint position: (57150000, 38100000)
[board_modifier.py:63]: Searching for ST2 footprint in /Users/chinh4thepro/Developer/media-thingy/media-thingy.kicad_pcb
[board_modifier.py:66]: Footprint not found
[board_modifier.py:96]: Getting SW1 footprint position: (38100000, 38100000)
[board_modifier.py:63]: Searching for ST1 footprint in /Users/chinh4thepro/Developer/media-thingy/media-thingy.kicad_pcb
[board_modifier.py:66]: Footprint not found
[board_modifier.py:433]: Routing at B.Cu layer
[board_modifier.py:499]: Routing pad 'SW1:1' at (31015000, 35560000) with pad 'J1:11' at (38365000, 30550000) using coordinate system rotated by 0 degree(s)
[board_modifier.py:362]: Adding track segment (B.Cu): [(31015000, 35560000), (33355000, 35560000)]
[board_modifier.py:370]: Could not add track segment due to detected collision
[board_modifier.py:362]: Adding track segment (B.Cu): [(31015000, 35560000), (36025000, 30550000)]
[board_modifier.py:367]: Track added
[board_modifier.py:362]: Adding track segment (B.Cu): [(36025000, 30550000), (38365000, 30550000)]
[board_modifier.py:367]: Track added
[board_modifier.py:433]: Routing at F.Cu layer
[board_modifier.py:499]: Routing pad 'J1:39' at (38365000, 44550000) with pad 'J2:1' at (38365000, 47600000) using coordinate system rotated by 0 degree(s)
[board_modifier.py:362]: Adding track segment (F.Cu): [(38365000, 44550000), (38365000, 47600000)]
[board_modifier.py:367]: Track added
[board_modifier.py:433]: Routing at F.Cu layer
[board_modifier.py:499]: Routing pad 'J2:1' at (38365000, 47600000) with pad 'J1:34' at (39365000, 41550000) using coordinate system rotated by 0 degree(s)
[board_modifier.py:362]: Adding track segment (F.Cu): [(38365000, 47600000), (38365000, 42550000)]
[board_modifier.py:370]: Could not add track segment due to detected collision
[board_modifier.py:362]: Adding track segment (F.Cu): [(38365000, 47600000), (39365000, 46600000)]
[board_modifier.py:367]: Track added
[board_modifier.py:362]: Adding track segment (F.Cu): [(39365000, 46600000), (39365000, 41550000)]
[board_modifier.py:370]: Could not add track segment due to detected collision
[board_modifier.py:433]: Routing at B.Cu layer
[board_modifier.py:499]: Routing pad 'J1:20' at (39365000, 34550000) with pad 'SW1:2' at (43942000, 33020000) using coordinate system rotated by 0 degree(s)
[board_modifier.py:362]: Adding track segment (B.Cu): [(39365000, 34550000), (42412000, 34550000)]
[board_modifier.py:370]: Could not add track segment due to detected collision
[board_modifier.py:362]: Adding track segment (B.Cu): [(39365000, 34550000), (40895000, 33020000)]
[board_modifier.py:370]: Could not add track segment due to detected collision
[board_modifier.py:433]: Routing at B.Cu layer
[board_modifier.py:499]: Routing pad 'J1:34' at (39365000, 41550000) with pad 'SW1:2' at (43942000, 33020000) using coordinate system rotated by 0 degree(s)
[board_modifier.py:362]: Adding track segment (B.Cu): [(39365000, 41550000), (39365000, 37597000)]
[board_modifier.py:370]: Could not add track segment due to detected collision
[board_modifier.py:362]: Adding track segment (B.Cu): [(39365000, 41550000), (43942000, 36973000)]
[board_modifier.py:370]: Could not add track segment due to detected collision
[board_modifier.py:433]: Routing at B.Cu layer
[board_modifier.py:499]: Routing pad 'SW1:2' at (43942000, 33020000) with pad 'SW2:2' at (62992000, 33020000) using coordinate system rotated by 0 degree(s)
[board_modifier.py:362]: Adding track segment (B.Cu): [(43942000, 33020000), (62992000, 33020000)]
[board_modifier.py:370]: Could not add track segment due to detected collision
[board_modifier.py:433]: Routing at B.Cu layer
[board_modifier.py:499]: Routing pad 'SW2:2' at (62992000, 33020000) with pad 'SW3:2' at (82042000, 33020000) using coordinate system rotated by 0 degree(s)
[board_modifier.py:362]: Adding track segment (B.Cu): [(62992000, 33020000), (82042000, 33020000)]
[board_modifier.py:370]: Could not add track segment due to detected collision
[board_modifier.py:433]: Routing at B.Cu layer
[board_modifier.py:499]: Routing pad 'SW3:2' at (82042000, 33020000) with pad 'SW4:2' at (101092000, 33020000) using coordinate system rotated by 0 degree(s)
[board_modifier.py:362]: Adding track segment (B.Cu): [(82042000, 33020000), (101092000, 33020000)]
[board_modifier.py:370]: Could not add track segment due to detected collision
[board_modifier.py:433]: Routing at B.Cu layer
[board_modifier.py:499]: Routing pad 'SW4:2' at (101092000, 33020000) with pad 'SW5:2' at (120142000, 33020000) using coordinate system rotated by 0 degree(s)
[board_modifier.py:362]: Adding track segment (B.Cu): [(101092000, 33020000), (120142000, 33020000)]
[board_modifier.py:370]: Could not add track segment due to detected collision
[board_modifier.py:433]: Routing at B.Cu layer
[board_modifier.py:499]: Routing pad 'J1:13' at (38365000, 31550000) with pad 'SW2:1' at (50065000, 35560000) using coordinate system rotated by 0 degree(s)
[board_modifier.py:362]: Adding track segment (B.Cu): [(38365000, 31550000), (46055000, 31550000)]
[board_modifier.py:370]: Could not add track segment due to detected collision
[board_modifier.py:362]: Adding track segment (B.Cu): [(38365000, 31550000), (42375000, 35560000)]
[board_modifier.py:370]: Could not add track segment due to detected collision
[board_modifier.py:433]: Routing at B.Cu layer
[board_modifier.py:499]: Routing pad 'J1:15' at (38365000, 32550000) with pad 'SW3:1' at (69115000, 35560000) using coordinate system rotated by 0 degree(s)
[board_modifier.py:362]: Adding track segment (B.Cu): [(38365000, 32550000), (66105000, 32550000)]
[board_modifier.py:370]: Could not add track segment due to detected collision
[board_modifier.py:362]: Adding track segment (B.Cu): [(38365000, 32550000), (41375000, 35560000)]
[board_modifier.py:370]: Could not add track segment due to detected collision
[board_modifier.py:433]: Routing at B.Cu layer
[board_modifier.py:499]: Routing pad 'J1:16' at (39365000, 32550000) with pad 'SW4:1' at (88165000, 35560000) using coordinate system rotated by 0 degree(s)
[board_modifier.py:362]: Adding track segment (B.Cu): [(39365000, 32550000), (85155000, 32550000)]
[board_modifier.py:370]: Could not add track segment due to detected collision
[board_modifier.py:362]: Adding track segment (B.Cu): [(39365000, 32550000), (42375000, 35560000)]
[board_modifier.py:370]: Could not add track segment due to detected collision
[board_modifier.py:433]: Routing at B.Cu layer
[board_modifier.py:499]: Routing pad 'J1:18' at (39365000, 33550000) with pad 'SW5:1' at (107215000, 35560000) using coordinate system rotated by 0 degree(s)
[board_modifier.py:362]: Adding track segment (B.Cu): [(39365000, 33550000), (105205000, 33550000)]
[board_modifier.py:370]: Could not add track segment due to detected collision
[board_modifier.py:362]: Adding track segment (B.Cu): [(39365000, 33550000), (41375000, 35560000)]
[board_modifier.py:370]: Could not add track segment due to detected collision
[key_placer.py:395]: Removing dangling tracks
[key_placer.py:407]: Removing 6e7512f9-a812-4030-a42c-8aef990acf8b
[key_placer.py:395]: Removing dangling tracks
